  Application.cpp
  C:\Users\lwg05\OneDrive\바탕 화면\경희4-1\자료구조\project\Library-Mangement-System\Library-Mangement-System\Application.h: warning C4819: 현재 코드 페이지(949)에서 표시할 수 없는 문자가 파일에 들어 있습니다. 데이터가 손실되지 않게 하려면 해당 파일을 유니코드 형식으로 저장하십시오.
  C:\Users\lwg05\OneDrive\바탕 화면\경희4-1\자료구조\project\Library-Mangement-System\Library-Mangement-System\LibraryManager.h: warning C4819: 현재 코드 페이지(949)에서 표시할 수 없는 문자가 파일에 들어 있습니다. 데이터가 손실되지 않게 하려면 해당 파일을 유니코드 형식으로 저장하십시오.
  C:\Users\lwg05\OneDrive\바탕 화면\경희4-1\자료구조\project\Library-Mangement-System\Library-Mangement-System\CircularQueue.h: warning C4819: 현재 코드 페이지(949)에서 표시할 수 없는 문자가 파일에 들어 있습니다. 데이터가 손실되지 않게 하려면 해당 파일을 유니코드 형식으로 저장하십시오.
  BorrowInfo.cpp
  C:\Users\lwg05\OneDrive\바탕 화면\경희4-1\자료구조\project\Library-Mangement-System\Library-Mangement-System\Application.h: warning C4819: 현재 코드 페이지(949)에서 표시할 수 없는 문자가 파일에 들어 있습니다. 데이터가 손실되지 않게 하려면 해당 파일을 유니코드 형식으로 저장하십시오.
  C:\Users\lwg05\OneDrive\바탕 화면\경희4-1\자료구조\project\Library-Mangement-System\Library-Mangement-System\LibraryManager.h: warning C4819: 현재 코드 페이지(949)에서 표시할 수 없는 문자가 파일에 들어 있습니다. 데이터가 손실되지 않게 하려면 해당 파일을 유니코드 형식으로 저장하십시오.
  C:\Users\lwg05\OneDrive\바탕 화면\경희4-1\자료구조\project\Library-Mangement-System\Library-Mangement-System\CircularQueue.h: warning C4819: 현재 코드 페이지(949)에서 표시할 수 없는 문자가 파일에 들어 있습니다. 데이터가 손실되지 않게 하려면 해당 파일을 유니코드 형식으로 저장하십시오.
  LibraryManager.cpp
  C:\Users\lwg05\OneDrive\바탕 화면\경희4-1\자료구조\project\Library-Mangement-System\Library-Mangement-System\LibraryManager.cpp: warning C4819: 현재 코드 페이지(949)에서 표시할 수 없는 문자가 파일에 들어 있습니다. 데이터가 손실되지 않게 하려면 해당 파일을 유니코드 형식으로 저장하십시오.
  C:\Users\lwg05\OneDrive\바탕 화면\경희4-1\자료구조\project\Library-Mangement-System\Library-Mangement-System\LibraryManager.h: warning C4819: 현재 코드 페이지(949)에서 표시할 수 없는 문자가 파일에 들어 있습니다. 데이터가 손실되지 않게 하려면 해당 파일을 유니코드 형식으로 저장하십시오.
  C:\Users\lwg05\OneDrive\바탕 화면\경희4-1\자료구조\project\Library-Mangement-System\Library-Mangement-System\CircularQueue.h: warning C4819: 현재 코드 페이지(949)에서 표시할 수 없는 문자가 파일에 들어 있습니다. 데이터가 손실되지 않게 하려면 해당 파일을 유니코드 형식으로 저장하십시오.
  C:\Users\lwg05\OneDrive\바탕 화면\경희4-1\자료구조\project\Library-Mangement-System\Library-Mangement-System\Application.h: warning C4819: 현재 코드 페이지(949)에서 표시할 수 없는 문자가 파일에 들어 있습니다. 데이터가 손실되지 않게 하려면 해당 파일을 유니코드 형식으로 저장하십시오.
  UserInfo.cpp
  main.cpp
  코드를 생성하고 있습니다...
C:\Users\lwg05\OneDrive\바탕 화면\경희4-1\자료구조\project\Library-Mangement-System\Library-Mangement-System\LibraryManager.cpp(224,16): warning C4244:  '초기화 중': 'time_t'에서 'int'(으)로 변환하면서 데이터가 손실될 수 있습니다.
C:\Users\lwg05\OneDrive\바탕 화면\경희4-1\자료구조\project\Library-Mangement-System\Library-Mangement-System\LibraryManager.cpp(224,16): warning C4244: C:\Users\lwg05\OneDrive\바탕 화면\경희4-1\자료구조\project\Library-Mangement-System\Library-Mangement-System\Application.h: warning C4819: 현재 코드 페이지(949)에서 표시할 수 없는 문자가 파일에 들어 있습니다. 데이터가 손실되지 않게 하려면 해당 파일을 유니코드 형식으로 저장하십시오.
C:\Users\lwg05\OneDrive\바탕 화면\경희4-1\자료구조\project\Library-Mangement-System\Library-Mangement-System\LibraryManager.cpp(224,16): warning C4244: C:\Users\lwg05\OneDrive\바탕 화면\경희4-1\자료구조\project\Library-Mangement-System\Library-Mangement-System\LibraryManager.h: warning C4819: 현재 코드 페이지(949)에서 표시할 수 없는 문자가 파일에 들어 있습니다. 데이터가 손실되지 않게 하려면 해당 파일을 유니코드 형식으로 저장하십시오.
C:\Users\lwg05\OneDrive\바탕 화면\경희4-1\자료구조\project\Library-Mangement-System\Library-Mangement-System\LibraryManager.cpp(224,16): warning C4244: C:\Users\lwg05\OneDrive\바탕 화면\경희4-1\자료구조\project\Library-Mangement-System\Library-Mangement-System\CircularQueue.h: warning C4819: 현재 코드 페이지(949)에서 표시할 수 없는 문자가 파일에 들어 있습니다. 데이터가 손실되지 않게 하려면 해당 파일을 유니코드 형식으로 저장하십시오.
C:\Users\lwg05\OneDrive\바탕 화면\경희4-1\자료구조\project\Library-Mangement-System\Library-Mangement-System\LibraryManager.cpp(224,16): warning C4244: C:\Users\lwg05\OneDrive\바탕 화면\경희4-1\자료구조\project\Library-Mangement-System\Library-Mangement-System\Application.h: warning C4819: 현재 코드 페이지(949)에서 표시할 수 없는 문자가 파일에 들어 있습니다. 데이터가 손실되지 않게 하려면 해당 파일을 유니코드 형식으로 저장하십시오.
C:\Users\lwg05\OneDrive\바탕 화면\경희4-1\자료구조\project\Library-Mangement-System\Library-Mangement-System\LibraryManager.cpp(224,16): warning C4244: C:\Users\lwg05\OneDrive\바탕 화면\경희4-1\자료구조\project\Library-Mangement-System\Library-Mangement-System\LibraryManager.h: warning C4819: 현재 코드 페이지(949)에서 표시할 수 없는 문자가 파일에 들어 있습니다. 데이터가 손실되지 않게 하려면 해당 파일을 유니코드 형식으로 저장하십시오.
C:\Users\lwg05\OneDrive\바탕 화면\경희4-1\자료구조\project\Library-Mangement-System\Library-Mangement-System\LibraryManager.cpp(224,16): warning C4244: C:\Users\lwg05\OneDrive\바탕 화면\경희4-1\자료구조\project\Library-Mangement-System\Library-Mangement-System\CircularQueue.h: warning C4819: 현재 코드 페이지(949)에서 표시할 수 없는 문자가 파일에 들어 있습니다. 데이터가 손실되지 않게 하려면 해당 파일을 유니코드 형식으로 저장하십시오.
C:\Users\lwg05\OneDrive\바탕 화면\경희4-1\자료구조\project\Library-Mangement-System\Library-Mangement-System\LibraryManager.cpp(224,16): warning C4244: C:\Users\lwg05\OneDrive\바탕 화면\경희4-1\자료구조\project\Library-Mangement-System\Library-Mangement-System\LinkedList.h(304) : warning C4715: 'LinkedList<BorrowInfo>::Delete': 모든 제어 경로에서 값을 반환하지는 않습니다.
C:\Users\lwg05\OneDrive\바탕 화면\경희4-1\자료구조\project\Library-Mangement-System\Library-Mangement-System\LibraryManager.cpp(224,16): warning C4244: C:\Users\lwg05\OneDrive\바탕 화면\경희4-1\자료구조\project\Library-Mangement-System\Library-Mangement-System\SortedLinkedList.hpp(323) : warning C4715: 'SortedLinkedList<BorrowInfo>::Delete': 모든 제어 경로에서 값을 반환하지는 않습니다.
  Library-Mangement-System.vcxproj -> C:\Users\lwg05\OneDrive\바탕 화면\경희4-1\자료구조\project\Library-Mangement-System\x64\Debug\Library-Mangement-System.exe
